Started by user [8mha:////4KaMPlV5yHxbDXdrPbDTfewriqxoPvHXkCxNN0wEeI63AAAAlx+LCAAAAAAAAP9b85aBtbiIQTGjNKU4P08vOT+vOD8nVc83PyU1x6OyILUoJzMv2y+/JJUBAhiZGBgqihhk0NSjKDWzXb3RdlLBUSYGJk8GtpzUvPSSDB8G5tKinBIGIZ+sxLJE/ZzEvHT94JKizLx0a6BxUmjGOUNodHsLgAzWEgZu/dLi1CL94syUlFIAnjHM9cAAAAA=[0msiddu
Running as SYSTEM
Building in workspace /var/lib/jenkins/workspace/codecompile
The recommended git tool is: NONE
using credential github-token2
 > git rev-parse --resolve-git-dir /var/lib/jenkins/workspace/codecompile/.git # timeout=10
Fetching changes from the remote Git repository
 > git config remote.origin.url https://github.com/shankargouda1/DevOpsClassCodes # timeout=10
Fetching upstream changes from https://github.com/shankargouda1/DevOpsClassCodes
 > git --version # timeout=10
 > git --version # 'git version 2.34.1'
using GIT_ASKPASS to set credentials 
 > git fetch --tags --force --progress -- https://github.com/shankargouda1/DevOpsClassCodes +refs/heads/*:refs/remotes/origin/* # timeout=10
 > git rev-parse refs/remotes/origin/master^{commit} # timeout=10
Checking out Revision 287058a5837d8b9a85480e900f9340f6a5e904c4 (refs/remotes/origin/master)
 > git config core.sparsecheckout # timeout=10
 > git checkout -f 287058a5837d8b9a85480e900f9340f6a5e904c4 # timeout=10
Commit message: "Create test"
 > git rev-list --no-walk 287058a5837d8b9a85480e900f9340f6a5e904c4 # timeout=10
[codecompile] $ mvn compileiii
[[1;34mINFO[m] Scanning for projects...
[[1;33mWARNING[m] 
[[1;33mWARNING[m] Some problems were encountered while building the effective model for com.edurekademo.tutorial:addressbook:war:2.0
[[1;33mWARNING[m] Reporting configuration should be done in <reporting> section, not in maven-site-plugin <configuration> as reportPlugins parameter. @ line 298, column 40
[[1;33mWARNING[m] 
[[1;33mWARNING[m] It is highly recommended to fix these problems because they threaten the stability of your build.
[[1;33mWARNING[m] 
[[1;33mWARNING[m] For this reason, future Maven versions might no longer support building such malformed projects.
[[1;33mWARNING[m] 
[[1;34mINFO[m] 
[[1;34mINFO[m] [1m----------------< [0;36mcom.edurekademo.tutorial:addressbook[0;1m >----------------[m
[[1;34mINFO[m] [1mBuilding Vaadin Addressbook example 2.0[m
[[1;34mINFO[m] [1m--------------------------------[ war ]---------------------------------[m
[[1;34mINFO[m] [1m------------------------------------------------------------------------[m
[[1;34mINFO[m] [1;31mBUILD FAILURE[m
[[1;34mINFO[m] [1m------------------------------------------------------------------------[m
[[1;34mINFO[m] Total time:  0.184 s
[[1;34mINFO[m] Finished at: 2024-03-28T10:32:08Z
[[1;34mINFO[m] [1m------------------------------------------------------------------------[m
[[1;31mERROR[m] Unknown lifecycle phase "compileiii". You must specify a valid lifecycle phase or a goal in the format <plugin-prefix>:<goal> or <plugin-group-id>:<plugin-artifact-id>[:<plugin-version>]:<goal>. Available lifecycle phases are: validate, initialize, generate-sources, process-sources, generate-resources, process-resources, compile, process-classes, generate-test-sources, process-test-sources, generate-test-resources, process-test-resources, test-compile, process-test-classes, test, prepare-package, package, pre-integration-test, integration-test, post-integration-test, verify, install, deploy, pre-clean, clean, post-clean, pre-site, site, post-site, site-deploy. -> [1m[Help 1][m
[[1;31mERROR[m] 
[[1;31mERROR[m] To see the full stack trace of the errors, re-run Maven with the [1m-e[m switch.
[[1;31mERROR[m] Re-run Maven using the [1m-X[m switch to enable full debug logging.
[[1;31mERROR[m] 
[[1;31mERROR[m] For more information about the errors and possible solutions, please read the following articles:
[[1;31mERROR[m] [1m[Help 1][m http://cwiki.apache.org/confluence/display/MAVEN/LifecyclePhaseNotFoundException
Build step 'Invoke top-level Maven targets' marked build as failure
Sending e-mails to: basavarajkoti67@gmail.com
Finished: FAILURE
